10:40:16 15-3-2024 -> ADDING DEBUG ROUTES TO REMOVE
10:40:16 15-3-2024 -> REMOVE DEBUG ROUTES
10:40:16 15-3-2024 -> Express server started
10:40:21 15-3-2024 -> admin connected our_user0
10:40:21 15-3-2024 -> ola
10:40:21 15-3-2024 -> User not found
10:40:21 15-3-2024 -> admin0
10:40:21 15-3-2024 -> Logged in admin0 if admin 0
10:40:21 15-3-2024 -> 0
10:40:21 15-3-2024 -> user connected admin0
10:40:23 15-3-2024 -> Loja 1 received: Hello, Server! from admin0
10:40:31 15-3-2024 -> Loja 1 received: Hello, Server! from our_user0
10:40:36 15-3-2024 -> Loja 1 received: Hello, Server! from admin0
10:40:36 15-3-2024 -> Loja 1 received: Hello, Server! from admin0
10:40:36 15-3-2024 -> Loja 1 received: Hello, Server! from admin0
10:40:43 15-3-2024 -> ola
10:40:43 15-3-2024 -> User not found
10:40:43 15-3-2024 -> admin0
10:40:43 15-3-2024 -> Logged in admin0 if admin 0
10:40:43 15-3-2024 -> 0
10:40:43 15-3-2024 -> user connected admin0
10:40:46 15-3-2024 -> Loja 1 received: Hello, Server! from admin0
10:40:46 15-3-2024 -> wsServer err/close
10:40:46 15-3-2024 -> wsServer err/close user0 admin0
10:40:46 15-3-2024 -> Loja 1 received: Hello, Server! from admin0
